<?xml version="1.0" encoding="UTF-8"?>
<!-- Generated by org.testng.reporters.JUnitReportReporter -->
<testsuite skipped="0" hostname="LAPTOP-GEAVMM5J" name="traffic.tests.TC_01" tests="1" failures="0" timestamp="31 Mar 2021 16:57:17 GMT" time="35.406" errors="0">
  <testcase name="TC_01_VerifyControllerPrperty" time="35.406" classname="traffic.tests.TC_01"/>
</testsuite> <!-- traffic.tests.TC_01 -->
