<?xml version="1.0" encoding="UTF-8"?>
<!-- Generated by org.testng.reporters.JUnitReportReporter -->
<testsuite hostname="LAPTOP-GEAVMM5J" name="traffic.tests.TC_01" tests="1" failures="0" timestamp="31 Mar 2021 17:03:53 GMT" time="32.461" errors="0">
  <testcase name="TC_01_VerifyControllerPrperty" time="32.461" classname="traffic.tests.TC_01"/>
</testsuite> <!-- traffic.tests.TC_01 -->
